<?xml version="1.0" encoding="UTF-8"?>
<!-- Generated by org.testng.reporters.JUnitReportReporter -->
<testsuite hostname="DESKTOP-ID3D3IL" failures="0" tests="2" name="testngdiscussion.SingleClassExecution" time="0.031" errors="0" timestamp="2022-04-25T17:14:21 IST" skipped="0">
  <testcase classname="testngdiscussion.SingleClassExecution" name="testcase2" time="0.004"/>
  <system-out/>
  <testcase classname="testngdiscussion.SingleClassExecution" name="testcase1" time="0.027"/>
  <system-out/>
</testsuite> <!-- testngdiscussion.SingleClassExecution -->
