<?xml version="1.0" encoding="UTF-8"?>
<!-- Generated by org.testng.reporters.JUnitReportReporter -->
<testsuite hostname="DESKTOP-ID3D3IL" failures="0" tests="5" name="testngdiscussion.SingleClassExecution3" time="0.050" errors="0" timestamp="2022-04-27T11:38:36 IST" skipped="0">
  <testcase classname="testngdiscussion.SingleClassExecution3" name="login" time="0.024"/>
  <system-out/>
  <testcase classname="testngdiscussion.SingleClassExecution3" name="dashboard" time="0.009"/>
  <system-out/>
  <testcase classname="testngdiscussion.SingleClassExecution3" name="home" time="0.008"/>
  <system-out/>
  <testcase classname="testngdiscussion.SingleClassExecution3" name="profile" time="0.004"/>
  <system-out/>
  <testcase classname="testngdiscussion.SingleClassExecution3" name="logout" time="0.005"/>
  <system-out/>
</testsuite> <!-- testngdiscussion.SingleClassExecution3 -->
