<?xml version="1.0" encoding="UTF-8"?>
<!-- Generated by org.testng.reporters.JUnitReportReporter -->
<testsuite hostname="DESKTOP-ID3D3IL" failures="0" tests="4" name="testngdiscussion.SingleClassExecution2" time="0.034" errors="0" timestamp="2022-04-25T20:16:41 IST" skipped="0">
  <testcase classname="testngdiscussion.SingleClassExecution2" name="dashboard" time="0.022"/>
  <system-out/>
  <testcase classname="testngdiscussion.SingleClassExecution2" name="profile" time="0.005"/>
  <system-out/>
  <testcase classname="testngdiscussion.SingleClassExecution2" name="login" time="0.003"/>
  <system-out/>
  <testcase classname="testngdiscussion.SingleClassExecution2" name="home" time="0.004"/>
  <system-out/>
</testsuite> <!-- testngdiscussion.SingleClassExecution2 -->
