<?xml version="1.0" encoding="UTF-8"?>
<!-- Generated by org.testng.reporters.JUnitReportReporter -->
<testsuite hostname="DESKTOP-ID3D3IL" failures="0" tests="2" name="testngdiscussion.DependsOnMethods2" time="0.003" errors="0" timestamp="2022-05-10T11:08:20 IST" skipped="1">
  <testcase classname="testngdiscussion.DependsOnMethods2" name="profile" time="0.000">
    <skipped/>
  </testcase> <!-- profile -->
  <system-out/>
  <testcase classname="testngdiscussion.DependsOnMethods2" name="dashboard" time="0.003"/>
  <system-out/>
</testsuite> <!-- testngdiscussion.DependsOnMethods2 -->
