<?xml version="1.0" encoding="UTF-8"?>
<!-- Generated by org.testng.reporters.JUnitReportReporter -->
<testsuite hostname="DESKTOP-ID3D3IL" failures="0" tests="2" name="testngdiscussion.TestClass1" time="0.020" errors="0" timestamp="2022-05-09T20:10:38 IST" skipped="0">
  <testcase classname="testngdiscussion.TestClass1" name="dashboard" time="0.013"/>
  <system-out/>
  <testcase classname="testngdiscussion.TestClass1" name="login" time="0.007"/>
  <system-out/>
</testsuite> <!-- testngdiscussion.TestClass1 -->
