<?xml version="1.0" encoding="UTF-8"?>
<!-- Generated by org.testng.reporters.JUnitReportReporter -->
<testsuite hostname="DESKTOP-ID3D3IL" failures="0" tests="2" name="testngdiscussion.ActualUsageExampleOfAnnotations" time="0.044" errors="0" timestamp="2022-05-09T22:02:34 IST" skipped="0">
  <testcase classname="testngdiscussion.ActualUsageExampleOfAnnotations" name="loginTest" time="0.024"/>
  <system-out/>
  <testcase classname="testngdiscussion.ActualUsageExampleOfAnnotations" name="logoutTest" time="0.020"/>
  <system-out/>
</testsuite> <!-- testngdiscussion.ActualUsageExampleOfAnnotations -->
