<?xml version="1.0" encoding="UTF-8"?>
<!-- Generated by org.testng.reporters.JUnitReportReporter -->
<testsuite hostname="DESKTOP-ID3D3IL" failures="0" tests="2" name="testngdiscussion.GroupingOfTestCasefirst" time="0.026" errors="0" timestamp="2022-05-10T16:40:06 IST" skipped="0">
  <testcase classname="testngdiscussion.GroupingOfTestCasefirst" name="dashboard" time="0.022"/>
  <system-out/>
  <testcase classname="testngdiscussion.GroupingOfTestCasefirst" name="logout" time="0.004"/>
  <system-out/>
</testsuite> <!-- testngdiscussion.GroupingOfTestCasefirst -->
