<?xml version="1.0" encoding="UTF-8"?>
<!-- Generated by org.testng.reporters.JUnitReportReporter -->
<testsuite hostname="DESKTOP-ID3D3IL" failures="0" tests="2" name="testngdiscussion.AnnotationsInTestng" time="0.020" errors="0" timestamp="2022-05-09T20:31:30 IST" skipped="0">
  <testcase classname="testngdiscussion.AnnotationsInTestng" name="login" time="0.014"/>
  <system-out/>
  <testcase classname="testngdiscussion.AnnotationsInTestng" name="logout" time="0.006"/>
  <system-out/>
</testsuite> <!-- testngdiscussion.AnnotationsInTestng -->
