<?xml version="1.0" encoding="UTF-8"?>
<!-- Generated by org.testng.reporters.JUnitReportReporter -->
<testsuite hostname="DESKTOP-ID3D3IL" failures="0" tests="2" name="testngdiscussion.GroupingOfTestCase2" time="0.009" errors="0" timestamp="2022-05-10T16:40:06 IST" skipped="0">
  <testcase classname="testngdiscussion.GroupingOfTestCase2" name="searchshare" time="0.006"/>
  <system-out/>
  <testcase classname="testngdiscussion.GroupingOfTestCase2" name="myInfo" time="0.003"/>
  <system-out/>
</testsuite> <!-- testngdiscussion.GroupingOfTestCase2 -->
