<?xml version="1.0" encoding="UTF-8"?>
<!-- Generated by org.testng.reporters.JUnitReportReporter -->
<testsuite hostname="DESKTOP-ID3D3IL" failures="0" tests="9" name="testngdiscussion.InvocationCountKeyword" time="0.058" errors="0" timestamp="2022-04-28T19:21:25 IST" skipped="0">
  <testcase classname="testngdiscussion.InvocationCountKeyword" name="login" time="0.003"/>
  <system-out/>
  <testcase classname="testngdiscussion.InvocationCountKeyword" name="login" time="0.026"/>
  <system-out/>
  <testcase classname="testngdiscussion.InvocationCountKeyword" name="login" time="0.004"/>
  <system-out/>
  <testcase classname="testngdiscussion.InvocationCountKeyword" name="login" time="0.003"/>
  <system-out/>
  <testcase classname="testngdiscussion.InvocationCountKeyword" name="login" time="0.003"/>
  <system-out/>
  <testcase classname="testngdiscussion.InvocationCountKeyword" name="dashboard" time="0.006"/>
  <system-out/>
  <testcase classname="testngdiscussion.InvocationCountKeyword" name="home" time="0.004"/>
  <system-out/>
  <testcase classname="testngdiscussion.InvocationCountKeyword" name="profile" time="0.004"/>
  <system-out/>
  <testcase classname="testngdiscussion.InvocationCountKeyword" name="logout" time="0.005"/>
  <system-out/>
</testsuite> <!-- testngdiscussion.InvocationCountKeyword -->
