<?xml version="1.0" encoding="UTF-8"?>
<!-- Generated by org.testng.reporters.JUnitReportReporter -->
<testsuite hostname="DESKTOP-ID3D3IL" failures="0" tests="3" name="testngdiscussion.GroupingOfTestCase1" time="0.037" errors="0" timestamp="2022-05-10T15:49:31 IST" skipped="0">
  <testcase classname="testngdiscussion.GroupingOfTestCase1" name="dashboard" time="0.024"/>
  <system-out/>
  <testcase classname="testngdiscussion.GroupingOfTestCase1" name="logout" time="0.009"/>
  <system-out/>
  <testcase classname="testngdiscussion.GroupingOfTestCase1" name="login" time="0.004"/>
  <system-out/>
</testsuite> <!-- testngdiscussion.GroupingOfTestCase1 -->
