<?xml version="1.0" encoding="UTF-8"?>
<!-- Generated by org.testng.reporters.JUnitReportReporter -->
<testsuite hostname="DESKTOP-ID3D3IL" failures="0" tests="1" name="testngdiscussion.GroupingAnnotations" time="0.020" errors="0" timestamp="2022-05-10T16:54:45 IST" skipped="0">
  <testcase classname="testngdiscussion.GroupingAnnotations" name="logout" time="0.020"/>
  <system-out/>
</testsuite> <!-- testngdiscussion.GroupingAnnotations -->
