<?xml version="1.0" encoding="UTF-8"?>
<!-- Generated by org.testng.reporters.JUnitReportReporter -->
<testsuite hostname="DESKTOP-ID3D3IL" failures="0" tests="3" name="testngdiscussion.InclusionAndExclusionOfMethod" time="0.027" errors="0" timestamp="2022-05-10T11:45:43 IST" skipped="1">
  <testcase classname="testngdiscussion.InclusionAndExclusionOfMethod" name="home" time="0.023"/>
  <system-out/>
  <testcase classname="testngdiscussion.InclusionAndExclusionOfMethod" name="profile" time="0.004"/>
  <system-out/>
  <testcase classname="testngdiscussion.InclusionAndExclusionOfMethod" name="login">
    <skipped/>
  </testcase> <!-- login -->
  <system-out/>
</testsuite> <!-- testngdiscussion.InclusionAndExclusionOfMethod -->
