<?xml version="1.0" encoding="UTF-8"?>
<!-- Generated by org.testng.reporters.JUnitReportReporter -->
<testsuite hostname="DESKTOP-ID3D3IL" failures="0" tests="3" name="testngdiscussion.TestClass2" time="0.014" errors="0" timestamp="2022-05-09T20:10:38 IST" skipped="0">
  <testcase classname="testngdiscussion.TestClass2" name="logout" time="0.006"/>
  <system-out/>
  <testcase classname="testngdiscussion.TestClass2" name="profile" time="0.004"/>
  <system-out/>
  <testcase classname="testngdiscussion.TestClass2" name="home" time="0.004"/>
  <system-out/>
</testsuite> <!-- testngdiscussion.TestClass2 -->
