<?xml version="1.0" encoding="UTF-8"?>
<!-- Generated by org.testng.reporters.JUnitReportReporter -->
<testsuite hostname="DESKTOP-ID3D3IL" failures="0" tests="1" name="testngdiscussion.GroupingAnnotations1" time="0.030" errors="0" timestamp="2022-05-10T17:29:09 IST" skipped="0">
  <testcase classname="testngdiscussion.GroupingAnnotations1" name="logout" time="0.030"/>
  <system-out/>
</testsuite> <!-- testngdiscussion.GroupingAnnotations1 -->
